<?xml version="1.0" encoding="UTF-8"?>
<!-- Generated by org.testng.reporters.JUnitXMLReporter -->
<testsuite hostname="akawalkar-lap-0269" ignored="0" name="Default test" tests="3" failures="0" timestamp="2022-06-09T16:15:00 IST" time="53.187" errors="0">
  <testcase name="createSupplier" time="16.382" classname="haroldwaste.ClassDemo"/>
  <testcase name="editSupplier" time="11.028" classname="haroldwaste.ClassDemo"/>
  <testcase name="blockSupplier" time="8.174" classname="haroldwaste.ClassDemo"/>
</testsuite> <!-- Default test -->
