<?xml version="1.0" encoding="UTF-8"?>
<testng-results skipped="0" failed="0" ignored="0" total="3" passed="3">
  <reporter-output>
  </reporter-output>
  <suite name="Default suite" duration-ms="53187" started-at="2022-06-09T16:14:07 IST" finished-at="2022-06-09T16:15:00 IST">
    <groups>
    </groups>
    <test name="Default test" duration-ms="53187" started-at="2022-06-09T16:14:07 IST" finished-at="2022-06-09T16:15:00 IST">
      <class name="haroldwaste.ClassDemo">
        <test-method status="PASS" signature="tearUp()[pri:0, instance:haroldwaste.ClassDemo@64f6106c]" name="tearUp" is-config="true" duration-ms="4645" started-at="2022-06-09T16:14:07 IST" finished-at="2022-06-09T16:14:11 IST">
          <reporter-output>
          </reporter-output>
        </test-method> <!-- tearUp -->
        <test-method status="PASS" signature="login()[pri:0, instance:haroldwaste.ClassDemo@64f6106c]" name="login" is-config="true" duration-ms="3664" started-at="2022-06-09T16:14:11 IST" finished-at="2022-06-09T16:14:15 IST">
          <reporter-output>
          </reporter-output>
        </test-method> <!-- login -->
        <test-method status="PASS" signature="createSupplier()[pri:1, instance:haroldwaste.ClassDemo@64f6106c]" name="createSupplier" duration-ms="16382" started-at="2022-06-09T16:14:15 IST" finished-at="2022-06-09T16:14:31 IST">
          <reporter-output>
          </reporter-output>
        </test-method> <!-- createSupplier -->
        <test-method status="PASS" signature="editSupplier()[pri:2, instance:haroldwaste.ClassDemo@64f6106c]" name="editSupplier" duration-ms="11028" started-at="2022-06-09T16:14:31 IST" finished-at="2022-06-09T16:14:42 IST">
          <reporter-output>
          </reporter-output>
        </test-method> <!-- editSupplier -->
        <test-method status="PASS" signature="blockSupplier()[pri:3, instance:haroldwaste.ClassDemo@64f6106c]" name="blockSupplier" duration-ms="8174" started-at="2022-06-09T16:14:42 IST" finished-at="2022-06-09T16:14:50 IST">
          <reporter-output>
          </reporter-output>
        </test-method> <!-- blockSupplier -->
        <test-method status="PASS" signature="tearDown()[pri:0, instance:haroldwaste.ClassDemo@64f6106c]" name="tearDown" is-config="true" duration-ms="9220" started-at="2022-06-09T16:14:50 IST" finished-at="2022-06-09T16:15:00 IST">
          <reporter-output>
          </reporter-output>
        </test-method> <!-- tearDown -->
      </class> <!-- haroldwaste.ClassDemo -->
    </test> <!-- Default test -->
  </suite> <!-- Default suite -->
</testng-results>
